<?xml version="1.0" encoding="UTF-8"?>
<!-- Generated by org.testng.reporters.JUnitXMLReporter -->
<testsuite ignored="0" hostname="LTIN201281" failures="0" tests="11" name="chromeTest" time="124.272" errors="0" timestamp="2024-03-06T16:31:30 IST">
  <testcase classname="testCases.TC_001_productsSearch" name="search_for_bookshelves" time="2.313"/>
  <testcase classname="testCases.TC_001_productsSearch" name="close_popup" time="3.174"/>
  <testcase classname="testCases.TC_001_productsSearch" name="apply_filters" time="8.659"/>
  <testcase classname="testCases.TC_001_productsSearch" name="get_top_3_products" time="13.512"/>
  <testcase classname="testCases.TC_002_Collections" name="go_to_Living_collections" time="1.241"/>
  <testcase classname="testCases.TC_002_Collections" name="get_all_sub_menus" time="4.234"/>
  <testcase classname="testCases.TC_003_giftCardTest" name="click_on_gift_cards" time="45.216"/>
  <testcase classname="testCases.TC_003_giftCardTest" name="customise_your_gift_card" time="2.676"/>
  <testcase classname="testCases.TC_003_giftCardTest" name="checking_with_invalidEmail" time="4.283"/>
  <testcase classname="testCases.TC_003_giftCardTest" name="checking_with_validEmail" time="1.082"/>
  <testcase classname="testCases.TC_003_giftCardTest" name="validDetails" time="0.709"/>
</testsuite> <!-- chromeTest -->
