<?xml version="1.0" encoding="UTF-8"?>
<!-- Generated by org.testng.reporters.JUnitXMLReporter -->
<testsuite ignored="0" hostname="LTIN201281" failures="0" tests="11" name="edgeTest" time="203.616" errors="0" timestamp="2024-03-06T16:34:53 IST">
  <testcase classname="testCases.TC_001_productsSearch" name="search_for_bookshelves" time="3.538"/>
  <testcase classname="testCases.TC_001_productsSearch" name="close_popup" time="3.559"/>
  <testcase classname="testCases.TC_001_productsSearch" name="apply_filters" time="9.475"/>
  <testcase classname="testCases.TC_001_productsSearch" name="get_top_3_products" time="10.832"/>
  <testcase classname="testCases.TC_002_Collections" name="go_to_Living_collections" time="2.22"/>
  <testcase classname="testCases.TC_002_Collections" name="get_all_sub_menus" time="33.796"/>
  <testcase classname="testCases.TC_003_giftCardTest" name="click_on_gift_cards" time="53.804"/>
  <testcase classname="testCases.TC_003_giftCardTest" name="customise_your_gift_card" time="1.818"/>
  <testcase classname="testCases.TC_003_giftCardTest" name="checking_with_invalidEmail" time="3.806"/>
  <testcase classname="testCases.TC_003_giftCardTest" name="checking_with_validEmail" time="0.888"/>
  <testcase classname="testCases.TC_003_giftCardTest" name="validDetails" time="0.595"/>
</testsuite> <!-- edgeTest -->
