<?xml version="1.0" encoding="UTF-8"?>
<!-- Generated by org.testng.reporters.JUnitXMLReporter -->
<testsuite ignored="0" hostname="LTIN201281" failures="0" tests="11" name="Test" time="146.937" errors="0" timestamp="2024-03-06T10:56:55 IST">
  <testcase classname="testCases.TC_001_productsSearch" name="search_for_bookshelves" time="5.355"/>
  <testcase classname="testCases.TC_001_productsSearch" name="close_popup" time="1.873"/>
  <testcase classname="testCases.TC_001_productsSearch" name="apply_filters" time="9.974"/>
  <testcase classname="testCases.TC_001_productsSearch" name="get_top_3_products" time="18.657"/>
  <testcase classname="testCases.TC_002_Collections" name="go_to_Living_collections" time="2.469"/>
  <testcase classname="testCases.TC_002_Collections" name="get_all_sub_menus" time="3.85"/>
  <testcase classname="testCases.TC_003_giftCardTest" name="click_on_gift_cards" time="17.039"/>
  <testcase classname="testCases.TC_003_giftCardTest" name="customise_your_gift_card" time="3.967"/>
  <testcase classname="testCases.TC_003_giftCardTest" name="checking_with_invalidEmail" time="3.483"/>
  <testcase classname="testCases.TC_003_giftCardTest" name="checking_with_validEmail" time="0.72"/>
  <testcase classname="testCases.TC_003_giftCardTest" name="validDetails" time="0.415"/>
</testsuite> <!-- Test -->
