<?xml version="1.0" encoding="UTF-8"?>
<testng-results ignored="0" total="22" passed="22" failed="0" skipped="0">
  <reporter-output>
  </reporter-output>
  <suite started-at="2024-03-06T16:29:25 IST" name="Suite" finished-at="2024-03-06T16:34:53 IST" duration-ms="327976">
    <groups>
      <group name="regression">
        <method signature="TC_001_productsSearch.search_for_bookshelves()[pri:1, instance:testCases.TC_001_productsSearch@793f29ff]" name="search_for_bookshelves" class="testCases.TC_001_productsSearch"/>
        <method signature="TC_001_productsSearch.close_popup()[pri:2, instance:testCases.TC_001_productsSearch@793f29ff]" name="close_popup" class="testCases.TC_001_productsSearch"/>
        <method signature="TC_001_productsSearch.apply_filters()[pri:3, instance:testCases.TC_001_productsSearch@793f29ff]" name="apply_filters" class="testCases.TC_001_productsSearch"/>
        <method signature="TC_001_productsSearch.get_top_3_products()[pri:4, instance:testCases.TC_001_productsSearch@793f29ff]" name="get_top_3_products" class="testCases.TC_001_productsSearch"/>
        <method signature="TC_002_Collections.go_to_Living_collections()[pri:1, instance:testCases.TC_002_Collections@202b0582]" name="go_to_Living_collections" class="testCases.TC_002_Collections"/>
        <method signature="TC_002_Collections.get_all_sub_menus()[pri:2, instance:testCases.TC_002_Collections@202b0582]" name="get_all_sub_menus" class="testCases.TC_002_Collections"/>
        <method signature="TC_003_giftCardTest.customise_your_gift_card(java.lang.String,java.lang.String,java.lang.String,java.lang.String,java.lang.String,java.lang.String,java.lang.String,java.lang.String,java.lang.String,java.lang.String,java.lang.String)[pri:2, instance:testCases.TC_003_giftCardTest@58cbafc2]" name="customise_your_gift_card" class="testCases.TC_003_giftCardTest"/>
        <method signature="TC_003_giftCardTest.checking_with_invalidEmail(java.lang.String,java.lang.String,java.lang.String,java.lang.String,java.lang.String,java.lang.String,java.lang.String,java.lang.String,java.lang.String,java.lang.String,java.lang.String)[pri:3, instance:testCases.TC_003_giftCardTest@58cbafc2]" name="checking_with_invalidEmail" class="testCases.TC_003_giftCardTest"/>
        <method signature="TC_003_giftCardTest.checking_with_validEmail(java.lang.String,java.lang.String,java.lang.String,java.lang.String,java.lang.String,java.lang.String,java.lang.String,java.lang.String,java.lang.String,java.lang.String,java.lang.String)[pri:4, instance:testCases.TC_003_giftCardTest@58cbafc2]" name="checking_with_validEmail" class="testCases.TC_003_giftCardTest"/>
        <method signature="TC_003_giftCardTest.validDetails(java.lang.String,java.lang.String,java.lang.String,java.lang.String,java.lang.String,java.lang.String,java.lang.String,java.lang.String,java.lang.String,java.lang.String,java.lang.String)[pri:5, instance:testCases.TC_003_giftCardTest@58cbafc2]" name="validDetails" class="testCases.TC_003_giftCardTest"/>
        <method signature="TC_001_productsSearch.search_for_bookshelves()[pri:1, instance:testCases.TC_001_productsSearch@7ce69770]" name="search_for_bookshelves" class="testCases.TC_001_productsSearch"/>
        <method signature="TC_001_productsSearch.close_popup()[pri:2, instance:testCases.TC_001_productsSearch@7ce69770]" name="close_popup" class="testCases.TC_001_productsSearch"/>
        <method signature="TC_001_productsSearch.apply_filters()[pri:3, instance:testCases.TC_001_productsSearch@7ce69770]" name="apply_filters" class="testCases.TC_001_productsSearch"/>
        <method signature="TC_001_productsSearch.get_top_3_products()[pri:4, instance:testCases.TC_001_productsSearch@7ce69770]" name="get_top_3_products" class="testCases.TC_001_productsSearch"/>
        <method signature="TC_002_Collections.go_to_Living_collections()[pri:1, instance:testCases.TC_002_Collections@1750fbeb]" name="go_to_Living_collections" class="testCases.TC_002_Collections"/>
        <method signature="TC_002_Collections.get_all_sub_menus()[pri:2, instance:testCases.TC_002_Collections@1750fbeb]" name="get_all_sub_menus" class="testCases.TC_002_Collections"/>
        <method signature="TC_003_giftCardTest.customise_your_gift_card(java.lang.String,java.lang.String,java.lang.String,java.lang.String,java.lang.String,java.lang.String,java.lang.String,java.lang.String,java.lang.String,java.lang.String,java.lang.String)[pri:2, instance:testCases.TC_003_giftCardTest@5b247367]" name="customise_your_gift_card" class="testCases.TC_003_giftCardTest"/>
        <method signature="TC_003_giftCardTest.checking_with_invalidEmail(java.lang.String,java.lang.String,java.lang.String,java.lang.String,java.lang.String,java.lang.String,java.lang.String,java.lang.String,java.lang.String,java.lang.String,java.lang.String)[pri:3, instance:testCases.TC_003_giftCardTest@5b247367]" name="checking_with_invalidEmail" class="testCases.TC_003_giftCardTest"/>
        <method signature="TC_003_giftCardTest.checking_with_validEmail(java.lang.String,java.lang.String,java.lang.String,java.lang.String,java.lang.String,java.lang.String,java.lang.String,java.lang.String,java.lang.String,java.lang.String,java.lang.String)[pri:4, instance:testCases.TC_003_giftCardTest@5b247367]" name="checking_with_validEmail" class="testCases.TC_003_giftCardTest"/>
        <method signature="TC_003_giftCardTest.validDetails(java.lang.String,java.lang.String,java.lang.String,java.lang.String,java.lang.String,java.lang.String,java.lang.String,java.lang.String,java.lang.String,java.lang.String,java.lang.String)[pri:5, instance:testCases.TC_003_giftCardTest@5b247367]" name="validDetails" class="testCases.TC_003_giftCardTest"/>
      </group> <!-- regression -->
      <group name="sanity">
        <method signature="TC_001_productsSearch.search_for_bookshelves()[pri:1, instance:testCases.TC_001_productsSearch@793f29ff]" name="search_for_bookshelves" class="testCases.TC_001_productsSearch"/>
        <method signature="TC_001_productsSearch.close_popup()[pri:2, instance:testCases.TC_001_productsSearch@793f29ff]" name="close_popup" class="testCases.TC_001_productsSearch"/>
        <method signature="TC_002_Collections.go_to_Living_collections()[pri:1, instance:testCases.TC_002_Collections@202b0582]" name="go_to_Living_collections" class="testCases.TC_002_Collections"/>
        <method signature="TC_003_giftCardTest.click_on_gift_cards()[pri:1, instance:testCases.TC_003_giftCardTest@58cbafc2]" name="click_on_gift_cards" class="testCases.TC_003_giftCardTest"/>
        <method signature="TC_001_productsSearch.search_for_bookshelves()[pri:1, instance:testCases.TC_001_productsSearch@7ce69770]" name="search_for_bookshelves" class="testCases.TC_001_productsSearch"/>
        <method signature="TC_001_productsSearch.close_popup()[pri:2, instance:testCases.TC_001_productsSearch@7ce69770]" name="close_popup" class="testCases.TC_001_productsSearch"/>
        <method signature="TC_002_Collections.go_to_Living_collections()[pri:1, instance:testCases.TC_002_Collections@1750fbeb]" name="go_to_Living_collections" class="testCases.TC_002_Collections"/>
        <method signature="TC_003_giftCardTest.click_on_gift_cards()[pri:1, instance:testCases.TC_003_giftCardTest@5b247367]" name="click_on_gift_cards" class="testCases.TC_003_giftCardTest"/>
      </group> <!-- sanity -->
      <group name="master">
        <method signature="TC_001_productsSearch.search_for_bookshelves()[pri:1, instance:testCases.TC_001_productsSearch@793f29ff]" name="search_for_bookshelves" class="testCases.TC_001_productsSearch"/>
        <method signature="TC_001_productsSearch.close_popup()[pri:2, instance:testCases.TC_001_productsSearch@793f29ff]" name="close_popup" class="testCases.TC_001_productsSearch"/>
        <method signature="TC_001_productsSearch.apply_filters()[pri:3, instance:testCases.TC_001_productsSearch@793f29ff]" name="apply_filters" class="testCases.TC_001_productsSearch"/>
        <method signature="TC_001_productsSearch.get_top_3_products()[pri:4, instance:testCases.TC_001_productsSearch@793f29ff]" name="get_top_3_products" class="testCases.TC_001_productsSearch"/>
        <method signature="TC_002_Collections.go_to_Living_collections()[pri:1, instance:testCases.TC_002_Collections@202b0582]" name="go_to_Living_collections" class="testCases.TC_002_Collections"/>
        <method signature="TC_002_Collections.get_all_sub_menus()[pri:2, instance:testCases.TC_002_Collections@202b0582]" name="get_all_sub_menus" class="testCases.TC_002_Collections"/>
        <method signature="TC_003_giftCardTest.click_on_gift_cards()[pri:1, instance:testCases.TC_003_giftCardTest@58cbafc2]" name="click_on_gift_cards" class="testCases.TC_003_giftCardTest"/>
        <method signature="TC_003_giftCardTest.customise_your_gift_card(java.lang.String,java.lang.String,java.lang.String,java.lang.String,java.lang.String,java.lang.String,java.lang.String,java.lang.String,java.lang.String,java.lang.String,java.lang.String)[pri:2, instance:testCases.TC_003_giftCardTest@58cbafc2]" name="customise_your_gift_card" class="testCases.TC_003_giftCardTest"/>
        <method signature="TC_003_giftCardTest.checking_with_invalidEmail(java.lang.String,java.lang.String,java.lang.String,java.lang.String,java.lang.String,java.lang.String,java.lang.String,java.lang.String,java.lang.String,java.lang.String,java.lang.String)[pri:3, instance:testCases.TC_003_giftCardTest@58cbafc2]" name="checking_with_invalidEmail" class="testCases.TC_003_giftCardTest"/>
        <method signature="TC_003_giftCardTest.checking_with_validEmail(java.lang.String,java.lang.String,java.lang.String,java.lang.String,java.lang.String,java.lang.String,java.lang.String,java.lang.String,java.lang.String,java.lang.String,java.lang.String)[pri:4, instance:testCases.TC_003_giftCardTest@58cbafc2]" name="checking_with_validEmail" class="testCases.TC_003_giftCardTest"/>
        <method signature="TC_003_giftCardTest.validDetails(java.lang.String,java.lang.String,java.lang.String,java.lang.String,java.lang.String,java.lang.String,java.lang.String,java.lang.String,java.lang.String,java.lang.String,java.lang.String)[pri:5, instance:testCases.TC_003_giftCardTest@58cbafc2]" name="validDetails" class="testCases.TC_003_giftCardTest"/>
        <method signature="TC_001_productsSearch.search_for_bookshelves()[pri:1, instance:testCases.TC_001_productsSearch@7ce69770]" name="search_for_bookshelves" class="testCases.TC_001_productsSearch"/>
        <method signature="TC_001_productsSearch.close_popup()[pri:2, instance:testCases.TC_001_productsSearch@7ce69770]" name="close_popup" class="testCases.TC_001_productsSearch"/>
        <method signature="TC_001_productsSearch.apply_filters()[pri:3, instance:testCases.TC_001_productsSearch@7ce69770]" name="apply_filters" class="testCases.TC_001_productsSearch"/>
        <method signature="TC_001_productsSearch.get_top_3_products()[pri:4, instance:testCases.TC_001_productsSearch@7ce69770]" name="get_top_3_products" class="testCases.TC_001_productsSearch"/>
        <method signature="TC_002_Collections.go_to_Living_collections()[pri:1, instance:testCases.TC_002_Collections@1750fbeb]" name="go_to_Living_collections" class="testCases.TC_002_Collections"/>
        <method signature="TC_002_Collections.get_all_sub_menus()[pri:2, instance:testCases.TC_002_Collections@1750fbeb]" name="get_all_sub_menus" class="testCases.TC_002_Collections"/>
        <method signature="TC_003_giftCardTest.click_on_gift_cards()[pri:1, instance:testCases.TC_003_giftCardTest@5b247367]" name="click_on_gift_cards" class="testCases.TC_003_giftCardTest"/>
        <method signature="TC_003_giftCardTest.customise_your_gift_card(java.lang.String,java.lang.String,java.lang.String,java.lang.String,java.lang.String,java.lang.String,java.lang.String,java.lang.String,java.lang.String,java.lang.String,java.lang.String)[pri:2, instance:testCases.TC_003_giftCardTest@5b247367]" name="customise_your_gift_card" class="testCases.TC_003_giftCardTest"/>
        <method signature="TC_003_giftCardTest.checking_with_invalidEmail(java.lang.String,java.lang.String,java.lang.String,java.lang.String,java.lang.String,java.lang.String,java.lang.String,java.lang.String,java.lang.String,java.lang.String,java.lang.String)[pri:3, instance:testCases.TC_003_giftCardTest@5b247367]" name="checking_with_invalidEmail" class="testCases.TC_003_giftCardTest"/>
        <method signature="TC_003_giftCardTest.checking_with_validEmail(java.lang.String,java.lang.String,java.lang.String,java.lang.String,java.lang.String,java.lang.String,java.lang.String,java.lang.String,java.lang.String,java.lang.String,java.lang.String)[pri:4, instance:testCases.TC_003_giftCardTest@5b247367]" name="checking_with_validEmail" class="testCases.TC_003_giftCardTest"/>
        <method signature="TC_003_giftCardTest.validDetails(java.lang.String,java.lang.String,java.lang.String,java.lang.String,java.lang.String,java.lang.String,java.lang.String,java.lang.String,java.lang.String,java.lang.String,java.lang.String)[pri:5, instance:testCases.TC_003_giftCardTest@5b247367]" name="validDetails" class="testCases.TC_003_giftCardTest"/>
      </group> <!-- master -->
    </groups>
    <test started-at="2024-03-06T16:29:25 IST" name="chromeTest" finished-at="2024-03-06T16:31:30 IST" duration-ms="124272">
      <class name="testCases.TC_003_giftCardTest">
        <test-method is-config="true" signature="setup(java.lang.String,java.lang.String)[pri:0, instance:testCases.TC_003_giftCardTest@58cbafc2]" started-at="2024-03-06T16:30:21 IST" name="setup" finished-at="2024-03-06T16:30:32 IST" duration-ms="11572" status="PASS">
          <params>
            <param index="0">
              <value>
                <![CDATA[Windows]]>
              </value>
            </param>
            <param index="1">
              <value>
                <![CDATA[chrome]]>
              </value>
            </param>
          </params>
          <reporter-output>
          </reporter-output>
        </test-method> <!-- setup -->
        <test-method signature="click_on_gift_cards()[pri:1, instance:testCases.TC_003_giftCardTest@58cbafc2]" started-at="2024-03-06T16:30:32 IST" name="click_on_gift_cards" finished-at="2024-03-06T16:31:18 IST" duration-ms="45216" status="PASS">
          <reporter-output>
          </reporter-output>
        </test-method> <!-- click_on_gift_cards -->
        <test-method signature="customise_your_gift_card(java.lang.String,java.lang.String,java.lang.String,java.lang.String,java.lang.String,java.lang.String,java.lang.String,java.lang.String,java.lang.String,java.lang.String,java.lang.String)[pri:2, instance:testCases.TC_003_giftCardTest@58cbafc2]" started-at="2024-03-06T16:31:18 IST" name="customise_your_gift_card" data-provider="dp" finished-at="2024-03-06T16:31:21 IST" depends-on-methods="testCases.TC_003_giftCardTest.click_on_gift_cards" duration-ms="2676" status="PASS">
          <params>
            <param index="0">
              <value>
                <![CDATA[tom]]>
              </value>
            </param>
            <param index="1">
              <value>
                <![CDATA[tom#123]]>
              </value>
            </param>
            <param index="2">
              <value>
                <![CDATA[9876543212]]>
              </value>
            </param>
            <param index="3">
              <value>
                <![CDATA[dora]]>
              </value>
            </param>
            <param index="4">
              <value>
                <![CDATA[dora@123]]>
              </value>
            </param>
            <param index="5">
              <value>
                <![CDATA[9876543217]]>
              </value>
            </param>
            <param index="6">
              <value>
                <![CDATA[#3-132]]>
              </value>
            </param>
            <param index="7">
              <value>
                <![CDATA[600001]]>
              </value>
            </param>
            <param index="8">
              <value>
                <![CDATA[giftcard]]>
              </value>
            </param>
            <param index="9">
              <value>
                <![CDATA[tom@123]]>
              </value>
            </param>
            <param index="10">
              <value>
                <![CDATA[10000]]>
              </value>
            </param>
          </params>
          <reporter-output>
          </reporter-output>
        </test-method> <!-- customise_your_gift_card -->
        <test-method signature="checking_with_invalidEmail(java.lang.String,java.lang.String,java.lang.String,java.lang.String,java.lang.String,java.lang.String,java.lang.String,java.lang.String,java.lang.String,java.lang.String,java.lang.String)[pri:3, instance:testCases.TC_003_giftCardTest@58cbafc2]" started-at="2024-03-06T16:31:22 IST" name="checking_with_invalidEmail" data-provider="dp" finished-at="2024-03-06T16:31:26 IST" depends-on-methods="testCases.TC_003_giftCardTest.customise_your_gift_card" duration-ms="4283" status="PASS">
          <params>
            <param index="0">
              <value>
                <![CDATA[tom]]>
              </value>
            </param>
            <param index="1">
              <value>
                <![CDATA[tom#123]]>
              </value>
            </param>
            <param index="2">
              <value>
                <![CDATA[9876543212]]>
              </value>
            </param>
            <param index="3">
              <value>
                <![CDATA[dora]]>
              </value>
            </param>
            <param index="4">
              <value>
                <![CDATA[dora@123]]>
              </value>
            </param>
            <param index="5">
              <value>
                <![CDATA[9876543217]]>
              </value>
            </param>
            <param index="6">
              <value>
                <![CDATA[#3-132]]>
              </value>
            </param>
            <param index="7">
              <value>
                <![CDATA[600001]]>
              </value>
            </param>
            <param index="8">
              <value>
                <![CDATA[giftcard]]>
              </value>
            </param>
            <param index="9">
              <value>
                <![CDATA[tom@123]]>
              </value>
            </param>
            <param index="10">
              <value>
                <![CDATA[10000]]>
              </value>
            </param>
          </params>
          <reporter-output>
          </reporter-output>
        </test-method> <!-- checking_with_invalidEmail -->
        <test-method signature="checking_with_validEmail(java.lang.String,java.lang.String,java.lang.String,java.lang.String,java.lang.String,java.lang.String,java.lang.String,java.lang.String,java.lang.String,java.lang.String,java.lang.String)[pri:4, instance:testCases.TC_003_giftCardTest@58cbafc2]" started-at="2024-03-06T16:31:27 IST" name="checking_with_validEmail" data-provider="dp" finished-at="2024-03-06T16:31:28 IST" depends-on-methods="testCases.TC_003_giftCardTest.checking_with_invalidEmail" duration-ms="1082" status="PASS">
          <params>
            <param index="0">
              <value>
                <![CDATA[tom]]>
              </value>
            </param>
            <param index="1">
              <value>
                <![CDATA[tom#123]]>
              </value>
            </param>
            <param index="2">
              <value>
                <![CDATA[9876543212]]>
              </value>
            </param>
            <param index="3">
              <value>
                <![CDATA[dora]]>
              </value>
            </param>
            <param index="4">
              <value>
                <![CDATA[dora@123]]>
              </value>
            </param>
            <param index="5">
              <value>
                <![CDATA[9876543217]]>
              </value>
            </param>
            <param index="6">
              <value>
                <![CDATA[#3-132]]>
              </value>
            </param>
            <param index="7">
              <value>
                <![CDATA[600001]]>
              </value>
            </param>
            <param index="8">
              <value>
                <![CDATA[giftcard]]>
              </value>
            </param>
            <param index="9">
              <value>
                <![CDATA[tom@123]]>
              </value>
            </param>
            <param index="10">
              <value>
                <![CDATA[10000]]>
              </value>
            </param>
          </params>
          <reporter-output>
          </reporter-output>
        </test-method> <!-- checking_with_validEmail -->
        <test-method signature="validDetails(java.lang.String,java.lang.String,java.lang.String,java.lang.String,java.lang.String,java.lang.String,java.lang.String,java.lang.String,java.lang.String,java.lang.String,java.lang.String)[pri:5, instance:testCases.TC_003_giftCardTest@58cbafc2]" started-at="2024-03-06T16:31:28 IST" name="validDetails" data-provider="dp" finished-at="2024-03-06T16:31:29 IST" depends-on-methods="testCases.TC_003_giftCardTest.checking_with_validEmail" duration-ms="709" status="PASS">
          <params>
            <param index="0">
              <value>
                <![CDATA[tom]]>
              </value>
            </param>
            <param index="1">
              <value>
                <![CDATA[tom#123]]>
              </value>
            </param>
            <param index="2">
              <value>
                <![CDATA[9876543212]]>
              </value>
            </param>
            <param index="3">
              <value>
                <![CDATA[dora]]>
              </value>
            </param>
            <param index="4">
              <value>
                <![CDATA[dora@123]]>
              </value>
            </param>
            <param index="5">
              <value>
                <![CDATA[9876543217]]>
              </value>
            </param>
            <param index="6">
              <value>
                <![CDATA[#3-132]]>
              </value>
            </param>
            <param index="7">
              <value>
                <![CDATA[600001]]>
              </value>
            </param>
            <param index="8">
              <value>
                <![CDATA[giftcard]]>
              </value>
            </param>
            <param index="9">
              <value>
                <![CDATA[tom@123]]>
              </value>
            </param>
            <param index="10">
              <value>
                <![CDATA[10000]]>
              </value>
            </param>
          </params>
          <reporter-output>
          </reporter-output>
        </test-method> <!-- validDetails -->
        <test-method is-config="true" signature="tearDown()[pri:0, instance:testCases.TC_003_giftCardTest@58cbafc2]" started-at="2024-03-06T16:31:29 IST" name="tearDown" finished-at="2024-03-06T16:31:30 IST" duration-ms="540" status="PASS">
          <reporter-output>
          </reporter-output>
        </test-method> <!-- tearDown -->
      </class> <!-- testCases.TC_003_giftCardTest -->
      <class name="testCases.TC_002_Collections">
        <test-method is-config="true" signature="setup(java.lang.String,java.lang.String)[pri:0, instance:testCases.TC_002_Collections@202b0582]" started-at="2024-03-06T16:30:04 IST" name="setup" finished-at="2024-03-06T16:30:14 IST" duration-ms="9516" status="PASS">
          <params>
            <param index="0">
              <value>
                <![CDATA[Windows]]>
              </value>
            </param>
            <param index="1">
              <value>
                <![CDATA[chrome]]>
              </value>
            </param>
          </params>
          <reporter-output>
          </reporter-output>
        </test-method> <!-- setup -->
        <test-method signature="go_to_Living_collections()[pri:1, instance:testCases.TC_002_Collections@202b0582]" started-at="2024-03-06T16:30:14 IST" name="go_to_Living_collections" finished-at="2024-03-06T16:30:15 IST" duration-ms="1241" status="PASS">
          <reporter-output>
          </reporter-output>
        </test-method> <!-- go_to_Living_collections -->
        <test-method signature="get_all_sub_menus()[pri:2, instance:testCases.TC_002_Collections@202b0582]" started-at="2024-03-06T16:30:15 IST" name="get_all_sub_menus" finished-at="2024-03-06T16:30:19 IST" depends-on-methods="testCases.TC_002_Collections.go_to_Living_collections" duration-ms="4234" status="PASS">
          <reporter-output>
          </reporter-output>
        </test-method> <!-- get_all_sub_menus -->
        <test-method is-config="true" signature="tearDown()[pri:0, instance:testCases.TC_002_Collections@202b0582]" started-at="2024-03-06T16:30:19 IST" name="tearDown" finished-at="2024-03-06T16:30:21 IST" duration-ms="1482" status="PASS">
          <reporter-output>
          </reporter-output>
        </test-method> <!-- tearDown -->
      </class> <!-- testCases.TC_002_Collections -->
      <class name="testCases.TC_001_productsSearch">
        <test-method is-config="true" signature="setup(java.lang.String,java.lang.String)[pri:0, instance:testCases.TC_001_productsSearch@793f29ff]" started-at="2024-03-06T16:29:25 IST" name="setup" finished-at="2024-03-06T16:29:36 IST" duration-ms="10745" status="PASS">
          <params>
            <param index="0">
              <value>
                <![CDATA[Windows]]>
              </value>
            </param>
            <param index="1">
              <value>
                <![CDATA[chrome]]>
              </value>
            </param>
          </params>
          <reporter-output>
          </reporter-output>
        </test-method> <!-- setup -->
        <test-method signature="search_for_bookshelves()[pri:1, instance:testCases.TC_001_productsSearch@793f29ff]" started-at="2024-03-06T16:29:36 IST" name="search_for_bookshelves" finished-at="2024-03-06T16:29:39 IST" duration-ms="2313" status="PASS">
          <reporter-output>
          </reporter-output>
        </test-method> <!-- search_for_bookshelves -->
        <test-method signature="close_popup()[pri:2, instance:testCases.TC_001_productsSearch@793f29ff]" started-at="2024-03-06T16:29:39 IST" name="close_popup" finished-at="2024-03-06T16:29:42 IST" depends-on-methods="testCases.TC_001_productsSearch.search_for_bookshelves" duration-ms="3174" status="PASS">
          <reporter-output>
          </reporter-output>
        </test-method> <!-- close_popup -->
        <test-method signature="apply_filters()[pri:3, instance:testCases.TC_001_productsSearch@793f29ff]" started-at="2024-03-06T16:29:42 IST" name="apply_filters" finished-at="2024-03-06T16:29:50 IST" depends-on-methods="testCases.TC_001_productsSearch.close_popup, testCases.TC_001_productsSearch.search_for_bookshelves" duration-ms="8659" status="PASS">
          <reporter-output>
          </reporter-output>
        </test-method> <!-- apply_filters -->
        <test-method signature="get_top_3_products()[pri:4, instance:testCases.TC_001_productsSearch@793f29ff]" started-at="2024-03-06T16:29:50 IST" name="get_top_3_products" finished-at="2024-03-06T16:30:04 IST" depends-on-methods="testCases.TC_001_productsSearch.apply_filters" duration-ms="13512" status="PASS">
          <reporter-output>
          </reporter-output>
        </test-method> <!-- get_top_3_products -->
        <test-method is-config="true" signature="tearDown()[pri:0, instance:testCases.TC_001_productsSearch@793f29ff]" started-at="2024-03-06T16:30:04 IST" name="tearDown" finished-at="2024-03-06T16:30:04 IST" duration-ms="487" status="PASS">
          <reporter-output>
          </reporter-output>
        </test-method> <!-- tearDown -->
      </class> <!-- testCases.TC_001_productsSearch -->
    </test> <!-- chromeTest -->
    <test started-at="2024-03-06T16:31:30 IST" name="edgeTest" finished-at="2024-03-06T16:34:53 IST" duration-ms="203616">
      <class name="testCases.TC_003_giftCardTest">
        <test-method is-config="true" signature="setup(java.lang.String,java.lang.String)[pri:0, instance:testCases.TC_003_giftCardTest@5b247367]" started-at="2024-03-06T16:33:16 IST" name="setup" finished-at="2024-03-06T16:33:49 IST" duration-ms="32840" status="PASS">
          <params>
            <param index="0">
              <value>
                <![CDATA[Windows]]>
              </value>
            </param>
            <param index="1">
              <value>
                <![CDATA[edge]]>
              </value>
            </param>
          </params>
          <reporter-output>
          </reporter-output>
        </test-method> <!-- setup -->
        <test-method signature="click_on_gift_cards()[pri:1, instance:testCases.TC_003_giftCardTest@5b247367]" started-at="2024-03-06T16:33:49 IST" name="click_on_gift_cards" finished-at="2024-03-06T16:34:43 IST" duration-ms="53804" status="PASS">
          <reporter-output>
          </reporter-output>
        </test-method> <!-- click_on_gift_cards -->
        <test-method signature="customise_your_gift_card(java.lang.String,java.lang.String,java.lang.String,java.lang.String,java.lang.String,java.lang.String,java.lang.String,java.lang.String,java.lang.String,java.lang.String,java.lang.String)[pri:2, instance:testCases.TC_003_giftCardTest@5b247367]" started-at="2024-03-06T16:34:43 IST" name="customise_your_gift_card" data-provider="dp" finished-at="2024-03-06T16:34:45 IST" depends-on-methods="testCases.TC_003_giftCardTest.click_on_gift_cards" duration-ms="1818" status="PASS">
          <params>
            <param index="0">
              <value>
                <![CDATA[tom]]>
              </value>
            </param>
            <param index="1">
              <value>
                <![CDATA[tom#123]]>
              </value>
            </param>
            <param index="2">
              <value>
                <![CDATA[9876543212]]>
              </value>
            </param>
            <param index="3">
              <value>
                <![CDATA[dora]]>
              </value>
            </param>
            <param index="4">
              <value>
                <![CDATA[dora@123]]>
              </value>
            </param>
            <param index="5">
              <value>
                <![CDATA[9876543217]]>
              </value>
            </param>
            <param index="6">
              <value>
                <![CDATA[#3-132]]>
              </value>
            </param>
            <param index="7">
              <value>
                <![CDATA[600001]]>
              </value>
            </param>
            <param index="8">
              <value>
                <![CDATA[giftcard]]>
              </value>
            </param>
            <param index="9">
              <value>
                <![CDATA[tom@123]]>
              </value>
            </param>
            <param index="10">
              <value>
                <![CDATA[10000]]>
              </value>
            </param>
          </params>
          <reporter-output>
          </reporter-output>
        </test-method> <!-- customise_your_gift_card -->
        <test-method signature="checking_with_invalidEmail(java.lang.String,java.lang.String,java.lang.String,java.lang.String,java.lang.String,java.lang.String,java.lang.String,java.lang.String,java.lang.String,java.lang.String,java.lang.String)[pri:3, instance:testCases.TC_003_giftCardTest@5b247367]" started-at="2024-03-06T16:34:46 IST" name="checking_with_invalidEmail" data-provider="dp" finished-at="2024-03-06T16:34:50 IST" depends-on-methods="testCases.TC_003_giftCardTest.customise_your_gift_card" duration-ms="3806" status="PASS">
          <params>
            <param index="0">
              <value>
                <![CDATA[tom]]>
              </value>
            </param>
            <param index="1">
              <value>
                <![CDATA[tom#123]]>
              </value>
            </param>
            <param index="2">
              <value>
                <![CDATA[9876543212]]>
              </value>
            </param>
            <param index="3">
              <value>
                <![CDATA[dora]]>
              </value>
            </param>
            <param index="4">
              <value>
                <![CDATA[dora@123]]>
              </value>
            </param>
            <param index="5">
              <value>
                <![CDATA[9876543217]]>
              </value>
            </param>
            <param index="6">
              <value>
                <![CDATA[#3-132]]>
              </value>
            </param>
            <param index="7">
              <value>
                <![CDATA[600001]]>
              </value>
            </param>
            <param index="8">
              <value>
                <![CDATA[giftcard]]>
              </value>
            </param>
            <param index="9">
              <value>
                <![CDATA[tom@123]]>
              </value>
            </param>
            <param index="10">
              <value>
                <![CDATA[10000]]>
              </value>
            </param>
          </params>
          <reporter-output>
          </reporter-output>
        </test-method> <!-- checking_with_invalidEmail -->
        <test-method signature="checking_with_validEmail(java.lang.String,java.lang.String,java.lang.String,java.lang.String,java.lang.String,java.lang.String,java.lang.String,java.lang.String,java.lang.String,java.lang.String,java.lang.String)[pri:4, instance:testCases.TC_003_giftCardTest@5b247367]" started-at="2024-03-06T16:34:50 IST" name="checking_with_validEmail" data-provider="dp" finished-at="2024-03-06T16:34:51 IST" depends-on-methods="testCases.TC_003_giftCardTest.checking_with_invalidEmail" duration-ms="888" status="PASS">
          <params>
            <param index="0">
              <value>
                <![CDATA[tom]]>
              </value>
            </param>
            <param index="1">
              <value>
                <![CDATA[tom#123]]>
              </value>
            </param>
            <param index="2">
              <value>
                <![CDATA[9876543212]]>
              </value>
            </param>
            <param index="3">
              <value>
                <![CDATA[dora]]>
              </value>
            </param>
            <param index="4">
              <value>
                <![CDATA[dora@123]]>
              </value>
            </param>
            <param index="5">
              <value>
                <![CDATA[9876543217]]>
              </value>
            </param>
            <param index="6">
              <value>
                <![CDATA[#3-132]]>
              </value>
            </param>
            <param index="7">
              <value>
                <![CDATA[600001]]>
              </value>
            </param>
            <param index="8">
              <value>
                <![CDATA[giftcard]]>
              </value>
            </param>
            <param index="9">
              <value>
                <![CDATA[tom@123]]>
              </value>
            </param>
            <param index="10">
              <value>
                <![CDATA[10000]]>
              </value>
            </param>
          </params>
          <reporter-output>
          </reporter-output>
        </test-method> <!-- checking_with_validEmail -->
        <test-method signature="validDetails(java.lang.String,java.lang.String,java.lang.String,java.lang.String,java.lang.String,java.lang.String,java.lang.String,java.lang.String,java.lang.String,java.lang.String,java.lang.String)[pri:5, instance:testCases.TC_003_giftCardTest@5b247367]" started-at="2024-03-06T16:34:52 IST" name="validDetails" data-provider="dp" finished-at="2024-03-06T16:34:52 IST" depends-on-methods="testCases.TC_003_giftCardTest.checking_with_validEmail" duration-ms="595" status="PASS">
          <params>
            <param index="0">
              <value>
                <![CDATA[tom]]>
              </value>
            </param>
            <param index="1">
              <value>
                <![CDATA[tom#123]]>
              </value>
            </param>
            <param index="2">
              <value>
                <![CDATA[9876543212]]>
              </value>
            </param>
            <param index="3">
              <value>
                <![CDATA[dora]]>
              </value>
            </param>
            <param index="4">
              <value>
                <![CDATA[dora@123]]>
              </value>
            </param>
            <param index="5">
              <value>
                <![CDATA[9876543217]]>
              </value>
            </param>
            <param index="6">
              <value>
                <![CDATA[#3-132]]>
              </value>
            </param>
            <param index="7">
              <value>
                <![CDATA[600001]]>
              </value>
            </param>
            <param index="8">
              <value>
                <![CDATA[giftcard]]>
              </value>
            </param>
            <param index="9">
              <value>
                <![CDATA[tom@123]]>
              </value>
            </param>
            <param index="10">
              <value>
                <![CDATA[10000]]>
              </value>
            </param>
          </params>
          <reporter-output>
          </reporter-output>
        </test-method> <!-- validDetails -->
        <test-method is-config="true" signature="tearDown()[pri:0, instance:testCases.TC_003_giftCardTest@5b247367]" started-at="2024-03-06T16:34:52 IST" name="tearDown" finished-at="2024-03-06T16:34:53 IST" duration-ms="863" status="PASS">
          <reporter-output>
          </reporter-output>
        </test-method> <!-- tearDown -->
      </class> <!-- testCases.TC_003_giftCardTest -->
      <class name="testCases.TC_002_Collections">
        <test-method is-config="true" signature="setup(java.lang.String,java.lang.String)[pri:0, instance:testCases.TC_002_Collections@1750fbeb]" started-at="2024-03-06T16:32:16 IST" name="setup" finished-at="2024-03-06T16:32:32 IST" duration-ms="16256" status="PASS">
          <params>
            <param index="0">
              <value>
                <![CDATA[Windows]]>
              </value>
            </param>
            <param index="1">
              <value>
                <![CDATA[edge]]>
              </value>
            </param>
          </params>
          <reporter-output>
          </reporter-output>
        </test-method> <!-- setup -->
        <test-method signature="go_to_Living_collections()[pri:1, instance:testCases.TC_002_Collections@1750fbeb]" started-at="2024-03-06T16:32:32 IST" name="go_to_Living_collections" finished-at="2024-03-06T16:32:35 IST" duration-ms="2220" status="PASS">
          <reporter-output>
          </reporter-output>
        </test-method> <!-- go_to_Living_collections -->
        <test-method signature="get_all_sub_menus()[pri:2, instance:testCases.TC_002_Collections@1750fbeb]" started-at="2024-03-06T16:32:35 IST" name="get_all_sub_menus" finished-at="2024-03-06T16:33:08 IST" depends-on-methods="testCases.TC_002_Collections.go_to_Living_collections" duration-ms="33796" status="PASS">
          <reporter-output>
          </reporter-output>
        </test-method> <!-- get_all_sub_menus -->
        <test-method is-config="true" signature="tearDown()[pri:0, instance:testCases.TC_002_Collections@1750fbeb]" started-at="2024-03-06T16:33:08 IST" name="tearDown" finished-at="2024-03-06T16:33:16 IST" duration-ms="7583" status="PASS">
          <reporter-output>
          </reporter-output>
        </test-method> <!-- tearDown -->
      </class> <!-- testCases.TC_002_Collections -->
      <class name="testCases.TC_001_productsSearch">
        <test-method is-config="true" signature="setup(java.lang.String,java.lang.String)[pri:0, instance:testCases.TC_001_productsSearch@7ce69770]" started-at="2024-03-06T16:31:30 IST" name="setup" finished-at="2024-03-06T16:31:48 IST" duration-ms="18424" status="PASS">
          <params>
            <param index="0">
              <value>
                <![CDATA[Windows]]>
              </value>
            </param>
            <param index="1">
              <value>
                <![CDATA[edge]]>
              </value>
            </param>
          </params>
          <reporter-output>
          </reporter-output>
        </test-method> <!-- setup -->
        <test-method signature="search_for_bookshelves()[pri:1, instance:testCases.TC_001_productsSearch@7ce69770]" started-at="2024-03-06T16:31:48 IST" name="search_for_bookshelves" finished-at="2024-03-06T16:31:52 IST" duration-ms="3538" status="PASS">
          <reporter-output>
          </reporter-output>
        </test-method> <!-- search_for_bookshelves -->
        <test-method signature="close_popup()[pri:2, instance:testCases.TC_001_productsSearch@7ce69770]" started-at="2024-03-06T16:31:52 IST" name="close_popup" finished-at="2024-03-06T16:31:55 IST" depends-on-methods="testCases.TC_001_productsSearch.search_for_bookshelves" duration-ms="3559" status="PASS">
          <reporter-output>
          </reporter-output>
        </test-method> <!-- close_popup -->
        <test-method signature="apply_filters()[pri:3, instance:testCases.TC_001_productsSearch@7ce69770]" started-at="2024-03-06T16:31:55 IST" name="apply_filters" finished-at="2024-03-06T16:32:05 IST" depends-on-methods="testCases.TC_001_productsSearch.close_popup, testCases.TC_001_productsSearch.search_for_bookshelves" duration-ms="9475" status="PASS">
          <reporter-output>
          </reporter-output>
        </test-method> <!-- apply_filters -->
        <test-method signature="get_top_3_products()[pri:4, instance:testCases.TC_001_productsSearch@7ce69770]" started-at="2024-03-06T16:32:05 IST" name="get_top_3_products" finished-at="2024-03-06T16:32:16 IST" depends-on-methods="testCases.TC_001_productsSearch.apply_filters" duration-ms="10832" status="PASS">
          <reporter-output>
          </reporter-output>
        </test-method> <!-- get_top_3_products -->
        <test-method is-config="true" signature="tearDown()[pri:0, instance:testCases.TC_001_productsSearch@7ce69770]" started-at="2024-03-06T16:32:16 IST" name="tearDown" finished-at="2024-03-06T16:32:16 IST" duration-ms="624" status="PASS">
          <reporter-output>
          </reporter-output>
        </test-method> <!-- tearDown -->
      </class> <!-- testCases.TC_001_productsSearch -->
    </test> <!-- edgeTest -->
  </suite> <!-- Suite -->
</testng-results>
